<?xml version="1.0" encoding="UTF-8"?>
<!-- Generated by org.testng.reporters.JUnitXMLReporter -->
<testsuite ignored="0" hostname="DESKTOP-PF9NGGE" failures="1" tests="4" name="Recorrido completo" time="16.376" errors="0" timestamp="2026-09-08T06:39:00 CST">
  <testcase classname="tests.AutomationPracticeTest" name="shouldCompleteFormAndControls" time="1.241">
    <failure type="org.openqa.selenium.NoSuchElementException" message="Cannot locate option with text: Mexico
For documentation on this error, please visit: https://www.selenium.dev/documentation/webdriver/troubleshooting/errors#no-such-element-exception
Build info: version: &amp;apos;4.35.0&amp;apos;, revision: &amp;apos;1c58e5028b&amp;apos;
System info: os.name: &amp;apos;Windows 10&amp;apos;, os.arch: &amp;apos;amd64&amp;apos;, os.version: &amp;apos;10.0&amp;apos;, java.version: &amp;apos;21.0.2&amp;apos;
Driver info: driver.version: unknown">
      <![CDATA[org.openqa.selenium.NoSuchElementException: Cannot locate option with text: Mexico
For documentation on this error, please visit: https://www.selenium.dev/documentation/webdriver/troubleshooting/errors#no-such-element-exception
Build info: version: '4.35.0', revision: '1c58e5028b'
System info: os.name: 'Windows 10', os.arch: 'amd64', os.version: '10.0', java.version: '21.0.2'
Driver info: driver.version: unknown
at org.openqa.selenium.support.ui.Select.selectByVisibleText(Select.java:167)
at base.BasePage.selectByText(BasePage.java:46)
at pages.AutomationPracticePage.fillPersonalData(AutomationPracticePage.java:60)
at tests.AutomationPracticeTest.shouldCompleteFormAndControls(AutomationPracticeTest.java:16)
at java.base/java.util.ArrayList.forEach(ArrayList.java:1596)
... Removed 25 stack frames]]>
    </failure>
  </testcase> <!-- shouldCompleteFormAndControls -->
  <testcase classname="tests.AutomationPracticeTest" name="shouldInteractWithProductTable" time="0.309"/>
  <testcase classname="tests.AutomationPracticeTest" name="shouldHandleAlerts" time="0.602"/>
  <testcase classname="tests.AutomationPracticeTest" name="shouldPerformAdvancedActions" time="3.12"/>
</testsuite> <!-- Recorrido completo -->
