<?xml version="1.0" encoding="UTF-8"?>
<!-- Generated by org.testng.reporters.JUnitXMLReporter -->
<testsuite ignored="0" hostname="Laptop" failures="1" tests="9" name="Default test" time="297.77" errors="0" timestamp="2026-09-08T17:08:12 CST">
  <testcase classname="tests.SantanderNavigationTest" name="shouldNavigateThroughPersonasCreditOptions" time="25.378"/>
  <testcase classname="tests.SantanderNavigationTest" name="shouldNavigateThroughPersonasDigitalChannels" time="12.8"/>
  <testcase classname="tests.SantanderNavigationTest" name="shouldNavigateThroughPersonasAccountOptions" time="21.063"/>
  <testcase classname="tests.SantanderNavigationTest" name="shouldNavigateThroughPersonasInvestmentsAndInsurance" time="34.578"/>
  <testcase classname="tests.SantanderNavigationTest" name="shouldNavigateThroughPersonasHelpAndBenefits" time="48.526">
    <failure type="java.lang.AssertionError" message="The following asserts failed:
	Personas - Regulación falló -&amp;gt; ElementNotInteractableException: element not interactable
  (Session info: chrome=153.0.8010.28)
Build info: version: &amp;apos;4.35.0&amp;apos;, revision: &amp;apos;1c58e5028b&amp;apos;
System info: os.name: &amp;apos;Windows 10&amp;apos;, os.arch: &amp;apos;amd64&amp;apos;, os.version: &amp;apos;10.0&amp;apos;, java.version: &amp;apos;21.0.12&amp;apos;
Driver info: org.openqa.selenium.chrome.ChromeDriver
Command: [bb3754cd0f65bd5ee53ad4fac2fed615, clickElement {id=f.DEED5F43A53526B46E1F4D3A029C2896.d.C5E6D14E2352A78345EADEB690370249.e.953}]
Capabilities {acceptInsecureCerts: false, browserName: chrome, browserVersion: 153.0.8010.28, chrome: {chromedriverVersion: 153.0.8010.12 (971a7443b0c9..., userDataDir: C:\Users\admin\AppData\Loca...}, fedcm:accounts: true, goog:chromeOptions: {debuggerAddress: localhost:51892}, goog:processID: 12284, networkConnectionEnabled: false, pageLoadStrategy: normal, platformName: windows, proxy: Proxy(), se:cdp: ws://localhost:51892/devtoo..., se:cdpVersion: 153.0.8010.28, setWindowRect: true, strictFileInteractability: false, timeouts: {implicit: 0, pageLoad: 300000, script: 30000}, unhandledPromptBehavior: dismiss and notify, webauthn:extension:cmtgKey: true, webauthn:extension:credBlob: true, webauthn:extension:largeBlob: true, webauthn:extension:minPinLength: true, webauthn:extension:prf: true, webauthn:virtualAuthenticators: true}
Element: [[ChromeDriver: chrome on windows (bb3754cd0f65bd5ee53ad4fac2fed615)] -&amp;gt; css selector: a[href*=&amp;apos;tramite-por-defuncion.html&amp;apos;]]
Session ID: bb3754cd0f65bd5ee53ad4fac2fed615,
	Personas - Select falló -&amp;gt; ElementNotInteractableException: element not interactable
  (Session info: chrome=153.0.8010.28)
Build info: version: &amp;apos;4.35.0&amp;apos;, revision: &amp;apos;1c58e5028b&amp;apos;
System info: os.name: &amp;apos;Windows 10&amp;apos;, os.arch: &amp;apos;amd64&amp;apos;, os.version: &amp;apos;10.0&amp;apos;, java.version: &amp;apos;21.0.12&amp;apos;
Driver info: org.openqa.selenium.chrome.ChromeDriver
Command: [bb3754cd0f65bd5ee53ad4fac2fed615, clickElement {id=f.DEED5F43A53526B46E1F4D3A029C2896.d.1106F2821E675C61076967BDEE062506.e.1045}]
Capabilities {acceptInsecureCerts: false, browserName: chrome, browserVersion: 153.0.8010.28, chrome: {chromedriverVersion: 153.0.8010.12 (971a7443b0c9..., userDataDir: C:\Users\admin\AppData\Loca...}, fedcm:accounts: true, goog:chromeOptions: {debuggerAddress: localhost:51892}, goog:processID: 12284, networkConnectionEnabled: false, pageLoadStrategy: normal, platformName: windows, proxy: Proxy(), se:cdp: ws://localhost:51892/devtoo..., se:cdpVersion: 153.0.8010.28, setWindowRect: true, strictFileInteractability: false, timeouts: {implicit: 0, pageLoad: 300000, script: 30000}, unhandledPromptBehavior: dismiss and notify, webauthn:extension:cmtgKey: true, webauthn:extension:credBlob: true, webauthn:extension:largeBlob: true, webauthn:extension:minPinLength: true, webauthn:extension:prf: true, webauthn:virtualAuthenticators: true}
Element: [[ChromeDriver: chrome on windows (bb3754cd0f65bd5ee53ad4fac2fed615)] -&amp;gt; css selector: a[href*=&amp;apos;select.html&amp;apos;]]
Session ID: bb3754cd0f65bd5ee53ad4fac2fed615,
	Personas - Promociones falló -&amp;gt; ElementNotInteractableException: element not interactable
  (Session info: chrome=153.0.8010.28)
Build info: version: &amp;apos;4.35.0&amp;apos;, revision: &amp;apos;1c58e5028b&amp;apos;
System info: os.name: &amp;apos;Windows 10&amp;apos;, os.arch: &amp;apos;amd64&amp;apos;, os.version: &amp;apos;10.0&amp;apos;, java.version: &amp;apos;21.0.12&amp;apos;
Driver info: org.openqa.selenium.chrome.ChromeDriver
Command: [bb3754cd0f65bd5ee53ad4fac2fed615, clickElement {id=f.DEED5F43A53526B46E1F4D3A029C2896.d.16AF9223061E7E74AA7DAE5391A778FB.e.1133}]
Capabilities {acceptInsecureCerts: false, browserName: chrome, browserVersion: 153.0.8010.28, chrome: {chromedriverVersion: 153.0.8010.12 (971a7443b0c9..., userDataDir: C:\Users\admin\AppData\Loca...}, fedcm:accounts: true, goog:chromeOptions: {debuggerAddress: localhost:51892}, goog:processID: 12284, networkConnectionEnabled: false, pageLoadStrategy: normal, platformName: windows, proxy: Proxy(), se:cdp: ws://localhost:51892/devtoo..., se:cdpVersion: 153.0.8010.28, setWindowRect: true, strictFileInteractability: false, timeouts: {implicit: 0, pageLoad: 300000, script: 30000}, unhandledPromptBehavior: dismiss and notify, webauthn:extension:cmtgKey: true, webauthn:extension:credBlob: true, webauthn:extension:largeBlob: true, webauthn:extension:minPinLength: true, webauthn:extension:prf: true, webauthn:virtualAuthenticators: true}
Element: [[ChromeDriver: chrome on windows (bb3754cd0f65bd5ee53ad4fac2fed615)] -&amp;gt; css selector: a[href$=&amp;apos;promociones/&amp;apos;]]
Session ID: bb3754cd0f65bd5ee53ad4fac2fed615,
	Personas - Unique Rewards falló -&amp;gt; ElementNotInteractableException: element not interactable
  (Session info: chrome=153.0.8010.28)
Build info: version: &amp;apos;4.35.0&amp;apos;, revision: &amp;apos;1c58e5028b&amp;apos;
System info: os.name: &amp;apos;Windows 10&amp;apos;, os.arch: &amp;apos;amd64&amp;apos;, os.version: &amp;apos;10.0&amp;apos;, java.version: &amp;apos;21.0.12&amp;apos;
Driver info: org.openqa.selenium.chrome.ChromeDriver
Command: [bb3754cd0f65bd5ee53ad4fac2fed615, clickElement {id=f.DEED5F43A53526B46E1F4D3A029C2896.d.79220EACD8C338CAE1EF351CA3BF2C11.e.1222}]
Capabilities {acceptInsecureCerts: false, browserName: chrome, browserVersion: 153.0.8010.28, chrome: {chromedriverVersion: 153.0.8010.12 (971a7443b0c9..., userDataDir: C:\Users\admin\AppData\Loca...}, fedcm:accounts: true, goog:chromeOptions: {debuggerAddress: localhost:51892}, goog:processID: 12284, networkConnectionEnabled: false, pageLoadStrategy: normal, platformName: windows, proxy: Proxy(), se:cdp: ws://localhost:51892/devtoo..., se:cdpVersion: 153.0.8010.28, setWindowRect: true, strictFileInteractability: false, timeouts: {implicit: 0, pageLoad: 300000, script: 30000}, unhandledPromptBehavior: dismiss and notify, webauthn:extension:cmtgKey: true, webauthn:extension:credBlob: true, webauthn:extension:largeBlob: true, webauthn:extension:minPinLength: true, webauthn:extension:prf: true, webauthn:virtualAuthenticators: true}
Element: [[ChromeDriver: chrome on windows (bb3754cd0f65bd5ee53ad4fac2fed615)] -&amp;gt; css selector: a[href*=&amp;apos;uniquerewards&amp;apos;]]
Session ID: bb3754cd0f65bd5ee53ad4fac2fed615,
	Personas - Colectivos falló -&amp;gt; ElementNotInteractableException: element not interactable: element has zero size
  (Session info: chrome=153.0.8010.28)
Build info: version: &amp;apos;4.35.0&amp;apos;, revision: &amp;apos;1c58e5028b&amp;apos;
System info: os.name: &amp;apos;Windows 10&amp;apos;, os.arch: &amp;apos;amd64&amp;apos;, os.version: &amp;apos;10.0&amp;apos;, java.version: &amp;apos;21.0.12&amp;apos;
Driver info: org.openqa.selenium.chrome.ChromeDriver
Command: [bb3754cd0f65bd5ee53ad4fac2fed615, clickElement {id=f.DEED5F43A53526B46E1F4D3A029C2896.d.2A5A4FB19B2E8A88955BEA43B9571243.e.1311}]
Capabilities {acceptInsecureCerts: false, browserName: chrome, browserVersion: 153.0.8010.28, chrome: {chromedriverVersion: 153.0.8010.12 (971a7443b0c9..., userDataDir: C:\Users\admin\AppData\Loca...}, fedcm:accounts: true, goog:chromeOptions: {debuggerAddress: localhost:51892}, goog:processID: 12284, networkConnectionEnabled: false, pageLoadStrategy: normal, platformName: windows, proxy: Proxy(), se:cdp: ws://localhost:51892/devtoo..., se:cdpVersion: 153.0.8010.28, setWindowRect: true, strictFileInteractability: false, timeouts: {implicit: 0, pageLoad: 300000, script: 30000}, unhandledPromptBehavior: dismiss and notify, webauthn:extension:cmtgKey: true, webauthn:extension:credBlob: true, webauthn:extension:largeBlob: true, webauthn:extension:minPinLength: true, webauthn:extension:prf: true, webauthn:virtualAuthenticators: true}
Element: [[ChromeDriver: chrome on windows (bb3754cd0f65bd5ee53ad4fac2fed615)] -&amp;gt; css selector: a[href*=&amp;apos;colectivos.html&amp;apos;]]
Session ID: bb3754cd0f65bd5ee53ad4fac2fed615,
	Personas - Mundo Hogar falló -&amp;gt; ElementNotInteractableException: element not interactable
  (Session info: chrome=153.0.8010.28)
Build info: version: &amp;apos;4.35.0&amp;apos;, revision: &amp;apos;1c58e5028b&amp;apos;
System info: os.name: &amp;apos;Windows 10&amp;apos;, os.arch: &amp;apos;amd64&amp;apos;, os.version: &amp;apos;10.0&amp;apos;, java.version: &amp;apos;21.0.12&amp;apos;
Driver info: org.openqa.selenium.chrome.ChromeDriver
Command: [bb3754cd0f65bd5ee53ad4fac2fed615, clickElement {id=f.DEED5F43A53526B46E1F4D3A029C2896.d.6729A3E1A51C072CA4E3FB33BE8FF450.e.1402}]
Capabilities {acceptInsecureCerts: false, browserName: chrome, browserVersion: 153.0.8010.28, chrome: {chromedriverVersion: 153.0.8010.12 (971a7443b0c9..., userDataDir: C:\Users\admin\AppData\Loca...}, fedcm:accounts: true, goog:chromeOptions: {debuggerAddress: localhost:51892}, goog:processID: 12284, networkConnectionEnabled: false, pageLoadStrategy: normal, platformName: windows, proxy: Proxy(), se:cdp: ws://localhost:51892/devtoo..., se:cdpVersion: 153.0.8010.28, setWindowRect: true, strictFileInteractability: false, timeouts: {implicit: 0, pageLoad: 300000, script: 30000}, unhandledPromptBehavior: dismiss and notify, webauthn:extension:cmtgKey: true, webauthn:extension:credBlob: true, webauthn:extension:largeBlob: true, webauthn:extension:minPinLength: true, webauthn:extension:prf: true, webauthn:virtualAuthenticators: true}
Element: [[ChromeDriver: chrome on windows (bb3754cd0f65bd5ee53ad4fac2fed615)] -&amp;gt; css selector: a[href*=&amp;apos;mundohogar&amp;apos;]]
Session ID: bb3754cd0f65bd5ee53ad4fac2fed615,
	Personas - Cashback falló -&amp;gt; ElementNotInteractableException: element not interactable
  (Session info: chrome=153.0.8010.28)
Build info: version: &amp;apos;4.35.0&amp;apos;, revision: &amp;apos;1c58e5028b&amp;apos;
System info: os.name: &amp;apos;Windows 10&amp;apos;, os.arch: &amp;apos;amd64&amp;apos;, os.version: &amp;apos;10.0&amp;apos;, java.version: &amp;apos;21.0.12&amp;apos;
Driver info: org.openqa.selenium.chrome.ChromeDriver
Command: [bb3754cd0f65bd5ee53ad4fac2fed615, clickElement {id=f.DEED5F43A53526B46E1F4D3A029C2896.d.F76C4C4456BB10D498B49BA2E09565D7.e.1494}]
Capabilities {acceptInsecureCerts: false, browserName: chrome, browserVersion: 153.0.8010.28, chrome: {chromedriverVersion: 153.0.8010.12 (971a7443b0c9..., userDataDir: C:\Users\admin\AppData\Loca...}, fedcm:accounts: true, goog:chromeOptions: {debuggerAddress: localhost:51892}, goog:processID: 12284, networkConnectionEnabled: false, pageLoadStrategy: normal, platformName: windows, proxy: Proxy(), se:cdp: ws://localhost:51892/devtoo..., se:cdpVersion: 153.0.8010.28, setWindowRect: true, strictFileInteractability: false, timeouts: {implicit: 0, pageLoad: 300000, script: 30000}, unhandledPromptBehavior: dismiss and notify, webauthn:extension:cmtgKey: true, webauthn:extension:credBlob: true, webauthn:extension:largeBlob: true, webauthn:extension:minPinLength: true, webauthn:extension:prf: true, webauthn:virtualAuthenticators: true}
Element: [[ChromeDriver: chrome on windows (bb3754cd0f65bd5ee53ad4fac2fed615)] -&amp;gt; css selector: a[href*=&amp;apos;cashback.html&amp;apos;]]
Session ID: bb3754cd0f65bd5ee53ad4fac2fed615">
      <![CDATA[java.lang.AssertionError: The following asserts failed:
Personas - Regulación falló -> ElementNotInteractableException: element not interactable
  (Session info: chrome=153.0.8010.28)
Build info: version: '4.35.0', revision: '1c58e5028b'
System info: os.name: 'Windows 10', os.arch: 'amd64', os.version: '10.0', java.version: '21.0.12'
Driver info: org.openqa.selenium.chrome.ChromeDriver
Command: [bb3754cd0f65bd5ee53ad4fac2fed615, clickElement {id=f.DEED5F43A53526B46E1F4D3A029C2896.d.C5E6D14E2352A78345EADEB690370249.e.953}]
Capabilities {acceptInsecureCerts: false, browserName: chrome, browserVersion: 153.0.8010.28, chrome: {chromedriverVersion: 153.0.8010.12 (971a7443b0c9..., userDataDir: C:\Users\admin\AppData\Loca...}, fedcm:accounts: true, goog:chromeOptions: {debuggerAddress: localhost:51892}, goog:processID: 12284, networkConnectionEnabled: false, pageLoadStrategy: normal, platformName: windows, proxy: Proxy(), se:cdp: ws://localhost:51892/devtoo..., se:cdpVersion: 153.0.8010.28, setWindowRect: true, strictFileInteractability: false, timeouts: {implicit: 0, pageLoad: 300000, script: 30000}, unhandledPromptBehavior: dismiss and notify, webauthn:extension:cmtgKey: true, webauthn:extension:credBlob: true, webauthn:extension:largeBlob: true, webauthn:extension:minPinLength: true, webauthn:extension:prf: true, webauthn:virtualAuthenticators: true}
Element: [[ChromeDriver: chrome on windows (bb3754cd0f65bd5ee53ad4fac2fed615)] -> css selector: a[href*='tramite-por-defuncion.html']]
Session ID: bb3754cd0f65bd5ee53ad4fac2fed615,
Personas - Select falló -> ElementNotInteractableException: element not interactable
  (Session info: chrome=153.0.8010.28)
Build info: version: '4.35.0', revision: '1c58e5028b'
System info: os.name: 'Windows 10', os.arch: 'amd64', os.version: '10.0', java.version: '21.0.12'
Driver info: org.openqa.selenium.chrome.ChromeDriver
Command: [bb3754cd0f65bd5ee53ad4fac2fed615, clickElement {id=f.DEED5F43A53526B46E1F4D3A029C2896.d.1106F2821E675C61076967BDEE062506.e.1045}]
Capabilities {acceptInsecureCerts: false, browserName: chrome, browserVersion: 153.0.8010.28, chrome: {chromedriverVersion: 153.0.8010.12 (971a7443b0c9..., userDataDir: C:\Users\admin\AppData\Loca...}, fedcm:accounts: true, goog:chromeOptions: {debuggerAddress: localhost:51892}, goog:processID: 12284, networkConnectionEnabled: false, pageLoadStrategy: normal, platformName: windows, proxy: Proxy(), se:cdp: ws://localhost:51892/devtoo..., se:cdpVersion: 153.0.8010.28, setWindowRect: true, strictFileInteractability: false, timeouts: {implicit: 0, pageLoad: 300000, script: 30000}, unhandledPromptBehavior: dismiss and notify, webauthn:extension:cmtgKey: true, webauthn:extension:credBlob: true, webauthn:extension:largeBlob: true, webauthn:extension:minPinLength: true, webauthn:extension:prf: true, webauthn:virtualAuthenticators: true}
Element: [[ChromeDriver: chrome on windows (bb3754cd0f65bd5ee53ad4fac2fed615)] -> css selector: a[href*='select.html']]
Session ID: bb3754cd0f65bd5ee53ad4fac2fed615,
Personas - Promociones falló -> ElementNotInteractableException: element not interactable
  (Session info: chrome=153.0.8010.28)
Build info: version: '4.35.0', revision: '1c58e5028b'
System info: os.name: 'Windows 10', os.arch: 'amd64', os.version: '10.0', java.version: '21.0.12'
Driver info: org.openqa.selenium.chrome.ChromeDriver
Command: [bb3754cd0f65bd5ee53ad4fac2fed615, clickElement {id=f.DEED5F43A53526B46E1F4D3A029C2896.d.16AF9223061E7E74AA7DAE5391A778FB.e.1133}]
Capabilities {acceptInsecureCerts: false, browserName: chrome, browserVersion: 153.0.8010.28, chrome: {chromedriverVersion: 153.0.8010.12 (971a7443b0c9..., userDataDir: C:\Users\admin\AppData\Loca...}, fedcm:accounts: true, goog:chromeOptions: {debuggerAddress: localhost:51892}, goog:processID: 12284, networkConnectionEnabled: false, pageLoadStrategy: normal, platformName: windows, proxy: Proxy(), se:cdp: ws://localhost:51892/devtoo..., se:cdpVersion: 153.0.8010.28, setWindowRect: true, strictFileInteractability: false, timeouts: {implicit: 0, pageLoad: 300000, script: 30000}, unhandledPromptBehavior: dismiss and notify, webauthn:extension:cmtgKey: true, webauthn:extension:credBlob: true, webauthn:extension:largeBlob: true, webauthn:extension:minPinLength: true, webauthn:extension:prf: true, webauthn:virtualAuthenticators: true}
Element: [[ChromeDriver: chrome on windows (bb3754cd0f65bd5ee53ad4fac2fed615)] -> css selector: a[href$='promociones/']]
Session ID: bb3754cd0f65bd5ee53ad4fac2fed615,
Personas - Unique Rewards falló -> ElementNotInteractableException: element not interactable
  (Session info: chrome=153.0.8010.28)
Build info: version: '4.35.0', revision: '1c58e5028b'
System info: os.name: 'Windows 10', os.arch: 'amd64', os.version: '10.0', java.version: '21.0.12'
Driver info: org.openqa.selenium.chrome.ChromeDriver
Command: [bb3754cd0f65bd5ee53ad4fac2fed615, clickElement {id=f.DEED5F43A53526B46E1F4D3A029C2896.d.79220EACD8C338CAE1EF351CA3BF2C11.e.1222}]
Capabilities {acceptInsecureCerts: false, browserName: chrome, browserVersion: 153.0.8010.28, chrome: {chromedriverVersion: 153.0.8010.12 (971a7443b0c9..., userDataDir: C:\Users\admin\AppData\Loca...}, fedcm:accounts: true, goog:chromeOptions: {debuggerAddress: localhost:51892}, goog:processID: 12284, networkConnectionEnabled: false, pageLoadStrategy: normal, platformName: windows, proxy: Proxy(), se:cdp: ws://localhost:51892/devtoo..., se:cdpVersion: 153.0.8010.28, setWindowRect: true, strictFileInteractability: false, timeouts: {implicit: 0, pageLoad: 300000, script: 30000}, unhandledPromptBehavior: dismiss and notify, webauthn:extension:cmtgKey: true, webauthn:extension:credBlob: true, webauthn:extension:largeBlob: true, webauthn:extension:minPinLength: true, webauthn:extension:prf: true, webauthn:virtualAuthenticators: true}
Element: [[ChromeDriver: chrome on windows (bb3754cd0f65bd5ee53ad4fac2fed615)] -> css selector: a[href*='uniquerewards']]
Session ID: bb3754cd0f65bd5ee53ad4fac2fed615,
Personas - Colectivos falló -> ElementNotInteractableException: element not interactable: element has zero size
  (Session info: chrome=153.0.8010.28)
Build info: version: '4.35.0', revision: '1c58e5028b'
System info: os.name: 'Windows 10', os.arch: 'amd64', os.version: '10.0', java.version: '21.0.12'
Driver info: org.openqa.selenium.chrome.ChromeDriver
Command: [bb3754cd0f65bd5ee53ad4fac2fed615, clickElement {id=f.DEED5F43A53526B46E1F4D3A029C2896.d.2A5A4FB19B2E8A88955BEA43B9571243.e.1311}]
Capabilities {acceptInsecureCerts: false, browserName: chrome, browserVersion: 153.0.8010.28, chrome: {chromedriverVersion: 153.0.8010.12 (971a7443b0c9..., userDataDir: C:\Users\admin\AppData\Loca...}, fedcm:accounts: true, goog:chromeOptions: {debuggerAddress: localhost:51892}, goog:processID: 12284, networkConnectionEnabled: false, pageLoadStrategy: normal, platformName: windows, proxy: Proxy(), se:cdp: ws://localhost:51892/devtoo..., se:cdpVersion: 153.0.8010.28, setWindowRect: true, strictFileInteractability: false, timeouts: {implicit: 0, pageLoad: 300000, script: 30000}, unhandledPromptBehavior: dismiss and notify, webauthn:extension:cmtgKey: true, webauthn:extension:credBlob: true, webauthn:extension:largeBlob: true, webauthn:extension:minPinLength: true, webauthn:extension:prf: true, webauthn:virtualAuthenticators: true}
Element: [[ChromeDriver: chrome on windows (bb3754cd0f65bd5ee53ad4fac2fed615)] -> css selector: a[href*='colectivos.html']]
Session ID: bb3754cd0f65bd5ee53ad4fac2fed615,
Personas - Mundo Hogar falló -> ElementNotInteractableException: element not interactable
  (Session info: chrome=153.0.8010.28)
Build info: version: '4.35.0', revision: '1c58e5028b'
System info: os.name: 'Windows 10', os.arch: 'amd64', os.version: '10.0', java.version: '21.0.12'
Driver info: org.openqa.selenium.chrome.ChromeDriver
Command: [bb3754cd0f65bd5ee53ad4fac2fed615, clickElement {id=f.DEED5F43A53526B46E1F4D3A029C2896.d.6729A3E1A51C072CA4E3FB33BE8FF450.e.1402}]
Capabilities {acceptInsecureCerts: false, browserName: chrome, browserVersion: 153.0.8010.28, chrome: {chromedriverVersion: 153.0.8010.12 (971a7443b0c9..., userDataDir: C:\Users\admin\AppData\Loca...}, fedcm:accounts: true, goog:chromeOptions: {debuggerAddress: localhost:51892}, goog:processID: 12284, networkConnectionEnabled: false, pageLoadStrategy: normal, platformName: windows, proxy: Proxy(), se:cdp: ws://localhost:51892/devtoo..., se:cdpVersion: 153.0.8010.28, setWindowRect: true, strictFileInteractability: false, timeouts: {implicit: 0, pageLoad: 300000, script: 30000}, unhandledPromptBehavior: dismiss and notify, webauthn:extension:cmtgKey: true, webauthn:extension:credBlob: true, webauthn:extension:largeBlob: true, webauthn:extension:minPinLength: true, webauthn:extension:prf: true, webauthn:virtualAuthenticators: true}
Element: [[ChromeDriver: chrome on windows (bb3754cd0f65bd5ee53ad4fac2fed615)] -> css selector: a[href*='mundohogar']]
Session ID: bb3754cd0f65bd5ee53ad4fac2fed615,
Personas - Cashback falló -> ElementNotInteractableException: element not interactable
  (Session info: chrome=153.0.8010.28)
Build info: version: '4.35.0', revision: '1c58e5028b'
System info: os.name: 'Windows 10', os.arch: 'amd64', os.version: '10.0', java.version: '21.0.12'
Driver info: org.openqa.selenium.chrome.ChromeDriver
Command: [bb3754cd0f65bd5ee53ad4fac2fed615, clickElement {id=f.DEED5F43A53526B46E1F4D3A029C2896.d.F76C4C4456BB10D498B49BA2E09565D7.e.1494}]
Capabilities {acceptInsecureCerts: false, browserName: chrome, browserVersion: 153.0.8010.28, chrome: {chromedriverVersion: 153.0.8010.12 (971a7443b0c9..., userDataDir: C:\Users\admin\AppData\Loca...}, fedcm:accounts: true, goog:chromeOptions: {debuggerAddress: localhost:51892}, goog:processID: 12284, networkConnectionEnabled: false, pageLoadStrategy: normal, platformName: windows, proxy: Proxy(), se:cdp: ws://localhost:51892/devtoo..., se:cdpVersion: 153.0.8010.28, setWindowRect: true, strictFileInteractability: false, timeouts: {implicit: 0, pageLoad: 300000, script: 30000}, unhandledPromptBehavior: dismiss and notify, webauthn:extension:cmtgKey: true, webauthn:extension:credBlob: true, webauthn:extension:largeBlob: true, webauthn:extension:minPinLength: true, webauthn:extension:prf: true, webauthn:virtualAuthenticators: true}
Element: [[ChromeDriver: chrome on windows (bb3754cd0f65bd5ee53ad4fac2fed615)] -> css selector: a[href*='cashback.html']]
Session ID: bb3754cd0f65bd5ee53ad4fac2fed615
at org.testng.asserts.SoftAssert.assertAll(SoftAssert.java:46)
at org.testng.asserts.SoftAssert.assertAll(SoftAssert.java:30)
at tests.SantanderNavigationTest.shouldNavigateThroughPersonasHelpAndBenefits(SantanderNavigationTest.java:125)
at java.base/jdk.internal.reflect.DirectMethodHandleAccessor.invoke(DirectMethodHandleAccessor.java:103)
at java.base/java.lang.reflect.Method.invoke(Method.java:580)
at org.testng.internal.invokers.MethodInvocationHelper.invokeMethod(MethodInvocationHelper.java:141)
at org.testng.internal.invokers.TestInvoker.invokeMethod(TestInvoker.java:687)
at org.testng.internal.invokers.TestInvoker.invokeTestMethod(TestInvoker.java:230)
at org.testng.internal.invokers.MethodRunner.runInSequence(MethodRunner.java:63)
at org.testng.internal.invokers.TestInvoker$MethodInvocationAgent.invoke(TestInvoker.java:995)
at org.testng.internal.invokers.TestInvoker.invokeTestMethods(TestInvoker.java:203)
at org.testng.internal.invokers.TestMethodWorker.invokeTestMethods(TestMethodWorker.java:154)
at org.testng.internal.invokers.TestMethodWorker.run(TestMethodWorker.java:134)
at java.base/java.util.ArrayList.forEach(ArrayList.java:1596)
at org.testng.TestRunner.privateRun(TestRunner.java:741)
at org.testng.TestRunner.run(TestRunner.java:616)
at org.testng.SuiteRunner.runTest(SuiteRunner.java:421)
at org.testng.SuiteRunner.runSequentially(SuiteRunner.java:413)
at org.testng.SuiteRunner.privateRun(SuiteRunner.java:373)
at org.testng.SuiteRunner.run(SuiteRunner.java:312)
at org.testng.SuiteRunnerWorker.runSuite(SuiteRunnerWorker.java:52)
at org.testng.SuiteRunnerWorker.run(SuiteRunnerWorker.java:95)
at org.testng.TestNG.runSuitesSequentially(TestNG.java:1274)
at org.testng.TestNG.runSuitesLocally(TestNG.java:1208)
at org.testng.TestNG.runSuites(TestNG.java:1112)
at org.testng.TestNG.run(TestNG.java:1079)
at org.testng.remote.AbstractRemoteTestNG.run(AbstractRemoteTestNG.java:115)
at org.testng.remote.RemoteTestNG.initAndRun(RemoteTestNG.java:293)
at org.testng.remote.RemoteTestNG.main(RemoteTestNG.java:91)
]]>
    </failure>
  </testcase> <!-- shouldNavigateThroughPersonasHelpAndBenefits -->
  <testcase classname="tests.SantanderNavigationTest" name="shouldNavigateThroughEmpresasOptions" time="8.089"/>
  <testcase classname="tests.SantanderNavigationTest" name="shouldNavigateThroughPymesOptions" time="48.264"/>
  <testcase classname="tests.SantanderNavigationTest" name="shouldNavigateToBancaPrivadaOption" time="4.903"/>
  <testcase classname="tests.SantanderNavigationTest" name="shouldNavigateThroughAcercaDelBancoOptions" time="40.993"/>
</testsuite> <!-- Default test -->
